<?xml version="1.0" encoding="UTF-8"?>
<!-- Generated by org.testng.reporters.JUnitReportReporter -->
<testsuite hostname="Murali" failures="0" tests="1" name="runner.TestRunner" time="3.672" errors="0" timestamp="2024-10-23T15:40:10 IST" skipped="0">
  <testcase classname="runner.TestRunner" name="runScenario" time="3.672"/>
</testsuite> <!-- runner.TestRunner -->
