<?xml version="1.0" encoding="UTF-8"?>
<!-- Generated by org.testng.reporters.JUnitReportReporter -->
<testsuite hostname="Murali" failures="0" tests="1" name="runner.TestRunner" time="11.147" errors="0" timestamp="2024-11-13T16:26:41 IST" skipped="0">
  <testcase classname="runner.TestRunner" name="runScenario" time="11.147"/>
</testsuite> <!-- runner.TestRunner -->
